2025-09-13 05:12:46 | INFO | ./src/ui/main_window | Participant ID = alvin | VERSION = 2
2025-09-13 05:12:46 | INFO | ./src/ui/main_window | Instruction directory =  /Users/alvinm/Documents/Documents/Academic/Research/CognAC/cerebellum/nback/resources/instructions_reversed
2025-09-13 05:12:46 | INFO | ./src/ui/main_window | Instruction page 1 displayed
2025-09-13 05:12:47 | INFO | ./src/ui/main_window | Advance to instruction page 1
2025-09-13 05:12:47 | INFO | ./src/ui/main_window | Instruction page 2 displayed
2025-09-13 05:12:47 | INFO | ./src/ui/main_window | Advance to instruction page 2
2025-09-13 05:12:47 | INFO | ./src/ui/main_window | Instruction page 3 displayed
2025-09-13 05:12:48 | INFO | ./src/ui/main_window | Advance to instruction page 3
2025-09-13 05:12:48 | INFO | ./src/ui/main_window | Instruction page 4 displayed
2025-09-13 05:12:48 | INFO | ./src/ui/main_window | Advance to instruction page 4
2025-09-13 05:12:48 | INFO | ./src/ui/main_window | Instruction page 5 displayed
2025-09-13 05:12:48 | INFO | ./src/ui/main_window | Advance to instruction page 5
2025-09-13 05:12:48 | INFO | ./src/ui/main_window | Instruction page 6 displayed
2025-09-13 05:12:49 | INFO | ./src/ui/main_window | Advance to instruction page 6
2025-09-13 05:12:49 | INFO | ./src/ui/main_window | Trigger at page 6: play 5 trials for trials=5 
2025-09-13 05:12:49 | INFO | ./src/ui/main_window | Play stimuli: trial_num=5
2025-09-13 05:12:49 | DEBUG | ./src/ui/main_window | Trial 1/5 show: attneave_4.png for 1500 ms
2025-09-13 05:12:51 | DEBUG | ./src/ui/main_window | Trial 2/5 show: attneave_8.png for 1500 ms
2025-09-13 05:12:53 | DEBUG | ./src/ui/main_window | Trial 3/5 show: attneave_2.png for 1500 ms
2025-09-13 05:12:55 | DEBUG | ./src/ui/main_window | Trial 4/5 show: attneave_1.png for 1500 ms
2025-09-13 05:12:57 | DEBUG | ./src/ui/main_window | Trial 5/5 show: attneave_9.png for 1500 ms
2025-09-13 05:12:59 | INFO | ./src/ui/main_window | Instruction page 7 displayed
2025-09-13 05:13:01 | INFO | ./src/ui/main_window | Advance to instruction page 7
2025-09-13 05:13:01 | INFO | ./src/ui/main_window | Instruction page 8 displayed
2025-09-13 05:13:01 | INFO | ./src/ui/main_window | Advance to instruction page 8
2025-09-13 05:13:01 | INFO | ./src/ui/main_window | Instruction page 9 displayed
2025-09-13 05:13:02 | INFO | ./src/ui/main_window | Advance to instruction page 9
2025-09-13 05:13:02 | INFO | ./src/ui/main_window | Trigger at page 9: play 10 trials for trials=10 
2025-09-13 05:13:02 | INFO | ./src/ui/main_window | Play stimuli: trial_num=10
2025-09-13 05:13:02 | DEBUG | ./src/ui/main_window | Trial 1/10 show: attneave_5.png for 1500 ms
2025-09-13 05:13:04 | DEBUG | ./src/ui/main_window | Trial 2/10 show: attneave_12.png for 1500 ms
2025-09-13 05:13:06 | DEBUG | ./src/ui/main_window | Trial 3/10 show: attneave_8.png for 1500 ms
2025-09-13 05:13:08 | DEBUG | ./src/ui/main_window | Trial 4/10 show: attneave_1.png for 1500 ms
2025-09-13 05:13:10 | DEBUG | ./src/ui/main_window | Trial 5/10 show: attneave_7.png for 1500 ms
2025-09-13 05:13:12 | DEBUG | ./src/ui/main_window | Trial 6/10 show: attneave_9.png for 1500 ms
2025-09-13 05:13:14 | DEBUG | ./src/ui/main_window | Trial 7/10 show: attneave_11.png for 1500 ms
2025-09-13 05:13:16 | DEBUG | ./src/ui/main_window | Trial 8/10 show: attneave_4.png for 1500 ms
2025-09-13 05:13:18 | DEBUG | ./src/ui/main_window | Trial 9/10 show: attneave_6.png for 1500 ms
2025-09-13 05:13:20 | DEBUG | ./src/ui/main_window | Trial 10/10 show: attneave_2.png for 1500 ms
2025-09-13 05:13:22 | INFO | ./src/ui/main_window | Instruction page 10 displayed
2025-09-13 05:13:22 | INFO | ./src/ui/main_window | Advance to instruction page 10
2025-09-13 05:13:22 | INFO | ./src/ui/main_window | Instruction page 11 displayed
2025-09-13 05:13:23 | INFO | ./src/ui/main_window | Advance to instruction page 11
2025-09-13 05:13:23 | INFO | ./src/ui/main_window | Instruction page 12 displayed
2025-09-13 05:13:23 | INFO | ./src/ui/main_window | Advance to instruction page 12
2025-09-13 05:13:23 | INFO | ./src/ui/main_window | Trigger at page 12: play 10 trials for trials=10 
2025-09-13 05:13:23 | INFO | ./src/ui/main_window | Play stimuli: trial_num=10
2025-09-13 05:13:23 | DEBUG | ./src/ui/main_window | Trial 1/10 show: attneave_8.png for 1500 ms
2025-09-13 05:13:25 | DEBUG | ./src/ui/main_window | Trial 2/10 show: attneave_9.png for 1500 ms
2025-09-13 05:13:27 | DEBUG | ./src/ui/main_window | Trial 3/10 show: attneave_2.png for 1500 ms
2025-09-13 05:13:29 | DEBUG | ./src/ui/main_window | Trial 4/10 show: attneave_11.png for 1500 ms
2025-09-13 05:13:31 | DEBUG | ./src/ui/main_window | Trial 5/10 show: attneave_6.png for 1500 ms
2025-09-13 05:13:33 | DEBUG | ./src/ui/main_window | Trial 6/10 show: attneave_12.png for 1500 ms
2025-09-13 05:13:35 | DEBUG | ./src/ui/main_window | Trial 7/10 show: attneave_10.png for 1500 ms
2025-09-13 05:13:37 | DEBUG | ./src/ui/main_window | Trial 8/10 show: attneave_4.png for 1500 ms
2025-09-13 05:13:39 | DEBUG | ./src/ui/main_window | Trial 9/10 show: attneave_3.png for 1500 ms
2025-09-13 05:13:41 | DEBUG | ./src/ui/main_window | Trial 10/10 show: attneave_5.png for 1500 ms
2025-09-13 05:13:43 | INFO | ./src/ui/main_window | Instruction page 13 displayed
2025-09-13 05:13:44 | INFO | ./src/ui/main_window | Advance to instruction page 13
2025-09-13 05:13:44 | INFO | ./src/ui/main_window | Instruction page 14 displayed
2025-09-13 05:13:44 | INFO | ./src/ui/main_window | Advance to instruction page 14
2025-09-13 05:13:44 | INFO | ./src/ui/main_window | Instruction page 15 displayed
2025-09-13 05:13:45 | INFO | ./src/ui/main_window | Advance to instruction page 15
2025-09-13 05:13:45 | INFO | ./src/ui/main_window | Instruction page 16 displayed
2025-09-13 05:13:45 | INFO | ./src/ui/main_window | Advance to instruction page 16
2025-09-13 05:13:45 | INFO | ./src/ui/main_window | Instruction page 17 displayed
2025-09-13 05:13:45 | INFO | ./src/ui/main_window | Advance to instruction page 17
2025-09-13 05:13:45 | INFO | ./src/ui/main_window | Instruction page 18 displayed
2025-09-13 05:13:47 | INFO | ./src/ui/main_window | Advance to instruction page 18
2025-09-13 05:13:47 | INFO | ./src/ui/main_window | Trigger at page 18: play 5 trials for trials=5 
2025-09-13 05:13:47 | INFO | ./src/ui/main_window | Play stimuli: trial_num=5
2025-09-13 05:13:47 | DEBUG | ./src/ui/main_window | Trial 1/5 show: attneave_9.png for 1500 ms
2025-09-13 05:13:49 | DEBUG | ./src/ui/main_window | Trial 2/5 show: attneave_5.png for 1500 ms
2025-09-13 05:13:51 | DEBUG | ./src/ui/main_window | Trial 3/5 show: attneave_3.png for 1500 ms
2025-09-13 05:13:53 | DEBUG | ./src/ui/main_window | Trial 4/5 show: attneave_2.png for 1500 ms
2025-09-13 05:13:55 | DEBUG | ./src/ui/main_window | Trial 5/5 show: attneave_7.png for 1500 ms
2025-09-13 05:13:57 | INFO | ./src/ui/main_window | Instruction page 19 displayed
2025-09-13 05:13:58 | INFO | ./src/ui/main_window | Advance to instruction page 19
2025-09-13 05:13:58 | INFO | ./src/ui/main_window | Instruction page 20 displayed
2025-09-13 05:13:58 | INFO | ./src/ui/main_window | Advance to instruction page 20
2025-09-13 05:13:58 | INFO | ./src/ui/main_window | Instruction page 21 displayed
2025-09-13 05:13:59 | INFO | ./src/ui/main_window | Advance to instruction page 21
2025-09-13 05:13:59 | INFO | ./src/ui/main_window | Trigger at page 21: play 10 trials for trials=10 
2025-09-13 05:13:59 | INFO | ./src/ui/main_window | Play stimuli: trial_num=10
2025-09-13 05:13:59 | DEBUG | ./src/ui/main_window | Trial 1/10 show: attneave_8.png for 1500 ms
2025-09-13 05:14:01 | DEBUG | ./src/ui/main_window | Trial 2/10 show: attneave_1.png for 1500 ms
2025-09-13 05:14:03 | DEBUG | ./src/ui/main_window | Trial 3/10 show: attneave_4.png for 1500 ms
2025-09-13 05:14:05 | DEBUG | ./src/ui/main_window | Trial 4/10 show: attneave_6.png for 1500 ms
2025-09-13 05:14:07 | DEBUG | ./src/ui/main_window | Trial 5/10 show: attneave_3.png for 1500 ms
2025-09-13 05:14:09 | DEBUG | ./src/ui/main_window | Trial 6/10 show: attneave_12.png for 1500 ms
2025-09-13 05:14:11 | DEBUG | ./src/ui/main_window | Trial 7/10 show: attneave_2.png for 1500 ms
2025-09-13 05:14:13 | DEBUG | ./src/ui/main_window | Trial 8/10 show: attneave_9.png for 1500 ms
2025-09-13 05:14:15 | DEBUG | ./src/ui/main_window | Trial 9/10 show: attneave_7.png for 1500 ms
2025-09-13 05:14:17 | DEBUG | ./src/ui/main_window | Trial 10/10 show: attneave_5.png for 1500 ms
2025-09-13 05:14:19 | INFO | ./src/ui/main_window | Instruction page 22 displayed
2025-09-13 05:14:21 | INFO | ./src/ui/main_window | Advance to instruction page 22
2025-09-13 05:14:21 | INFO | ./src/ui/main_window | Instruction page 23 displayed
2025-09-13 05:14:22 | INFO | ./src/ui/main_window | Advance to instruction page 23
2025-09-13 05:14:22 | INFO | ./src/ui/main_window | Instruction page 24 displayed
2025-09-13 05:14:22 | INFO | ./src/ui/main_window | Advance to instruction page 24
2025-09-13 05:14:22 | INFO | ./src/ui/main_window | Trigger at page 24: play 10 trials for trials=10 
2025-09-13 05:14:22 | INFO | ./src/ui/main_window | Play stimuli: trial_num=10
2025-09-13 05:14:22 | DEBUG | ./src/ui/main_window | Trial 1/10 show: attneave_1.png for 1500 ms
2025-09-13 05:14:24 | DEBUG | ./src/ui/main_window | Trial 2/10 show: attneave_9.png for 1500 ms
2025-09-13 05:14:26 | DEBUG | ./src/ui/main_window | Trial 3/10 show: attneave_4.png for 1500 ms
2025-09-13 05:14:28 | DEBUG | ./src/ui/main_window | Trial 4/10 show: attneave_6.png for 1500 ms
2025-09-13 05:14:30 | DEBUG | ./src/ui/main_window | Trial 5/10 show: attneave_7.png for 1500 ms
2025-09-13 05:14:32 | DEBUG | ./src/ui/main_window | Trial 6/10 show: attneave_2.png for 1500 ms
2025-09-13 05:14:34 | DEBUG | ./src/ui/main_window | Trial 7/10 show: attneave_12.png for 1500 ms
2025-09-13 05:14:36 | DEBUG | ./src/ui/main_window | Trial 8/10 show: attneave_8.png for 1500 ms
2025-09-13 05:14:38 | DEBUG | ./src/ui/main_window | Trial 9/10 show: attneave_10.png for 1500 ms
2025-09-13 05:14:40 | DEBUG | ./src/ui/main_window | Trial 10/10 show: attneave_11.png for 1500 ms
2025-09-13 05:14:42 | INFO | ./src/ui/main_window | Instruction page 25 displayed
2025-09-13 05:14:45 | INFO | ./src/ui/main_window | Advance to instruction page 25
2025-09-13 05:14:45 | INFO | ./src/ui/main_window | Instruction page 26 displayed
2025-09-13 05:14:45 | INFO | ./src/ui/main_window | Advance to instruction page 26
2025-09-13 05:14:45 | INFO | ./src/ui/main_window | Instruction page 27 displayed
2025-09-13 05:14:46 | INFO | ./src/ui/main_window | Advance to instruction page 27
2025-09-13 05:14:46 | INFO | ./src/ui/main_window | Instruction page 28 displayed
2025-09-13 05:14:46 | INFO | ./src/ui/main_window | Advance to instruction page 28
2025-09-13 05:14:46 | INFO | ./src/ui/main_window | Instruction page 29 displayed
2025-09-13 05:14:47 | INFO | ./src/ui/main_window | Advance to instruction page 29
2025-09-13 05:14:47 | INFO | ./src/ui/main_window | Instruction page 30 displayed
2025-09-13 05:14:48 | INFO | ./src/ui/main_window | Advance to instruction page 30
2025-09-13 05:14:48 | INFO | ./src/ui/main_window | Instruction page 31 displayed
2025-09-13 05:14:48 | INFO | ./src/ui/main_window | Advance to instruction page 31
2025-09-13 05:14:48 | INFO | ./src/ui/main_window | Trigger at page 31: play 5 trials for trials=5 
2025-09-13 05:14:48 | INFO | ./src/ui/main_window | Play stimuli: trial_num=5
2025-09-13 05:14:48 | DEBUG | ./src/ui/main_window | Trial 1/5 show: attneave_9.png for 1500 ms
2025-09-13 05:14:50 | DEBUG | ./src/ui/main_window | Trial 2/5 show: attneave_8.png for 1500 ms
2025-09-13 05:14:52 | DEBUG | ./src/ui/main_window | Trial 3/5 show: attneave_2.png for 1500 ms
2025-09-13 05:14:54 | DEBUG | ./src/ui/main_window | Trial 4/5 show: attneave_12.png for 1500 ms
2025-09-13 05:14:56 | DEBUG | ./src/ui/main_window | Trial 5/5 show: attneave_10.png for 1500 ms
2025-09-13 05:14:58 | INFO | ./src/ui/main_window | Instruction page 32 displayed
2025-09-13 05:15:11 | INFO | ./src/ui/main_window | Advance to instruction page 32
2025-09-13 05:15:11 | INFO | ./src/ui/main_window | Instruction page 33 displayed
2025-09-13 05:15:11 | INFO | ./src/ui/main_window | Advance to instruction page 33
2025-09-13 05:15:11 | INFO | ./src/ui/main_window | Instruction page 34 displayed
2025-09-13 05:15:12 | INFO | ./src/ui/main_window | Advance to instruction page 34
2025-09-13 05:15:12 | INFO | ./src/ui/main_window | Trigger at page 34: play 10 trials for trials=10 
2025-09-13 05:15:12 | INFO | ./src/ui/main_window | Play stimuli: trial_num=10
2025-09-13 05:15:12 | DEBUG | ./src/ui/main_window | Trial 1/10 show: attneave_7.png for 1500 ms
2025-09-13 05:15:14 | DEBUG | ./src/ui/main_window | Trial 2/10 show: attneave_6.png for 1500 ms
2025-09-13 05:15:16 | DEBUG | ./src/ui/main_window | Trial 3/10 show: attneave_1.png for 1500 ms
2025-09-13 05:15:18 | DEBUG | ./src/ui/main_window | Trial 4/10 show: attneave_9.png for 1500 ms
2025-09-13 05:15:20 | DEBUG | ./src/ui/main_window | Trial 5/10 show: attneave_2.png for 1500 ms
2025-09-13 05:15:22 | DEBUG | ./src/ui/main_window | Trial 6/10 show: attneave_10.png for 1500 ms
2025-09-13 05:15:24 | DEBUG | ./src/ui/main_window | Trial 7/10 show: attneave_5.png for 1500 ms
2025-09-13 05:15:26 | DEBUG | ./src/ui/main_window | Trial 8/10 show: attneave_8.png for 1500 ms
2025-09-13 05:15:28 | DEBUG | ./src/ui/main_window | Trial 9/10 show: attneave_4.png for 1500 ms
2025-09-13 05:15:30 | DEBUG | ./src/ui/main_window | Trial 10/10 show: attneave_12.png for 1500 ms
2025-09-13 05:15:32 | INFO | ./src/ui/main_window | Instruction page 35 displayed
2025-09-13 05:15:36 | INFO | ./src/ui/main_window | Advance to instruction page 35
2025-09-13 05:15:36 | INFO | ./src/ui/main_window | Instruction page 36 displayed
2025-09-13 05:15:37 | INFO | ./src/ui/main_window | Advance to instruction page 36
2025-09-13 05:15:37 | INFO | ./src/ui/main_window | Instruction page 37 displayed
2025-09-13 05:15:37 | INFO | ./src/ui/main_window | Advance to instruction page 37
2025-09-13 05:15:37 | INFO | ./src/ui/main_window | Instruction page 38 displayed
2025-09-13 05:15:38 | INFO | ./src/ui/main_window | Advance to instruction page 38
2025-09-13 05:15:38 | INFO | ./src/ui/main_window | Trigger at page 38: play 10 trials for trials=10 
2025-09-13 05:15:38 | INFO | ./src/ui/main_window | Play stimuli: trial_num=10
2025-09-13 05:15:38 | DEBUG | ./src/ui/main_window | Trial 1/10 show: attneave_6.png for 1500 ms
2025-09-13 05:15:40 | DEBUG | ./src/ui/main_window | Trial 2/10 show: attneave_7.png for 1500 ms
2025-09-13 05:15:42 | DEBUG | ./src/ui/main_window | Trial 3/10 show: attneave_4.png for 1500 ms
2025-09-13 05:15:44 | DEBUG | ./src/ui/main_window | Trial 4/10 show: attneave_2.png for 1500 ms
2025-09-13 05:15:46 | DEBUG | ./src/ui/main_window | Trial 5/10 show: attneave_1.png for 1500 ms
2025-09-13 05:15:48 | DEBUG | ./src/ui/main_window | Trial 6/10 show: attneave_9.png for 1500 ms
2025-09-13 05:15:50 | DEBUG | ./src/ui/main_window | Trial 7/10 show: attneave_3.png for 1500 ms
2025-09-13 05:15:52 | DEBUG | ./src/ui/main_window | Trial 8/10 show: attneave_11.png for 1500 ms
2025-09-13 05:15:54 | DEBUG | ./src/ui/main_window | Trial 9/10 show: attneave_12.png for 1500 ms
2025-09-13 05:15:56 | DEBUG | ./src/ui/main_window | Trial 10/10 show: attneave_10.png for 1500 ms
