2025-09-13 05:28:54 | INFO | ./src/ui/main_window_2025-09-13_0528 | Quitted fullscreen: 1516 x 852
2025-09-13 05:29:01 | INFO | ./src/ui/main_window_2025-09-13_0528 | Participant ID = alvinmiao | VERSION = 2
2025-09-13 05:29:01 | INFO | ./src/ui/main_window_2025-09-13_0528 | Instruction directory =  /Users/alvinm/Documents/Documents/Academic/Research/CognAC/cerebellum/nback/resources/instructions_reversed
2025-09-13 05:29:01 | INFO | ./src/ui/main_window_2025-09-13_0528 | Instruction page 1 displayed
2025-09-13 05:29:02 | INFO | ./src/ui/main_window_2025-09-13_0528 | Advance to instruction page 1
2025-09-13 05:29:02 | INFO | ./src/ui/main_window_2025-09-13_0528 | Instruction page 2 displayed
2025-09-13 05:29:02 | INFO | ./src/ui/main_window_2025-09-13_0528 | Advance to instruction page 2
2025-09-13 05:29:02 | INFO | ./src/ui/main_window_2025-09-13_0528 | Instruction page 3 displayed
2025-09-13 05:29:03 | INFO | ./src/ui/main_window_2025-09-13_0528 | Advance to instruction page 3
2025-09-13 05:29:03 | INFO | ./src/ui/main_window_2025-09-13_0528 | Instruction page 4 displayed
2025-09-13 05:29:03 | INFO | ./src/ui/main_window_2025-09-13_0528 | Advance to instruction page 4
2025-09-13 05:29:03 | INFO | ./src/ui/main_window_2025-09-13_0528 | Instruction page 5 displayed
2025-09-13 05:29:03 | INFO | ./src/ui/main_window_2025-09-13_0528 | Advance to instruction page 5
2025-09-13 05:29:03 | INFO | ./src/ui/main_window_2025-09-13_0528 | Instruction page 6 displayed
2025-09-13 05:29:03 | INFO | ./src/ui/main_window_2025-09-13_0528 | Advance to instruction page 6
2025-09-13 05:29:03 | INFO | ./src/ui/main_window_2025-09-13_0528 | Trigger at page 6: play 3 trials for trials=3 
2025-09-13 05:29:03 | INFO | ./src/ui/main_window_2025-09-13_0528 | Play stimuli: trial_num = 3
2025-09-13 05:29:03 | DEBUG | ./src/ui/main_window_2025-09-13_0528 | Paths of stimuli images = [PosixPath('/Users/alvinm/Documents/Documents/Academic/Research/CognAC/cerebellum/nback/resources/stimuli/attneave_6.png'), PosixPath('/Users/alvinm/Documents/Documents/Academic/Research/CognAC/cerebellum/nback/resources/stimuli/attneave_4.png'), PosixPath('/Users/alvinm/Documents/Documents/Academic/Research/CognAC/cerebellum/nback/resources/stimuli/attneave_3.png')]
2025-09-13 05:29:03 | DEBUG | ./src/ui/main_window_2025-09-13_0528 | Trial 1/3 show: attneave_6.png for 1500 ms
2025-09-13 05:29:05 | DEBUG | ./src/ui/main_window_2025-09-13_0528 | Trial 2/3 show: attneave_4.png for 1500 ms
2025-09-13 05:29:07 | DEBUG | ./src/ui/main_window_2025-09-13_0528 | Trial 3/3 show: attneave_3.png for 1500 ms
2025-09-13 05:29:09 | INFO | ./src/ui/main_window_2025-09-13_0528 | Instruction page 7 displayed
2025-09-13 05:29:17 | INFO | ./src/ui/main_window_2025-09-13_0528 | Advance to instruction page 7
2025-09-13 05:29:17 | INFO | ./src/ui/main_window_2025-09-13_0528 | Instruction page 8 displayed
2025-09-13 05:29:18 | INFO | ./src/ui/main_window_2025-09-13_0528 | Advance to instruction page 8
2025-09-13 05:29:18 | INFO | ./src/ui/main_window_2025-09-13_0528 | Instruction page 9 displayed
2025-09-13 05:29:18 | INFO | ./src/ui/main_window_2025-09-13_0528 | Advance to instruction page 9
2025-09-13 05:29:18 | INFO | ./src/ui/main_window_2025-09-13_0528 | Trigger at page 9: play 3 trials for trials=3 
2025-09-13 05:29:18 | INFO | ./src/ui/main_window_2025-09-13_0528 | Play stimuli: trial_num = 3
2025-09-13 05:29:18 | DEBUG | ./src/ui/main_window_2025-09-13_0528 | Paths of stimuli images = [PosixPath('/Users/alvinm/Documents/Documents/Academic/Research/CognAC/cerebellum/nback/resources/stimuli/attneave_2.png'), PosixPath('/Users/alvinm/Documents/Documents/Academic/Research/CognAC/cerebellum/nback/resources/stimuli/attneave_5.png'), PosixPath('/Users/alvinm/Documents/Documents/Academic/Research/CognAC/cerebellum/nback/resources/stimuli/attneave_10.png')]
2025-09-13 05:29:18 | DEBUG | ./src/ui/main_window_2025-09-13_0528 | Trial 1/3 show: attneave_2.png for 1500 ms
2025-09-13 05:29:20 | DEBUG | ./src/ui/main_window_2025-09-13_0528 | Trial 2/3 show: attneave_5.png for 1500 ms
2025-09-13 05:29:22 | DEBUG | ./src/ui/main_window_2025-09-13_0528 | Trial 3/3 show: attneave_10.png for 1500 ms
2025-09-13 05:29:24 | INFO | ./src/ui/main_window_2025-09-13_0528 | Instruction page 10 displayed
2025-09-13 05:29:24 | INFO | ./src/ui/main_window_2025-09-13_0528 | Advance to instruction page 10
2025-09-13 05:29:24 | INFO | ./src/ui/main_window_2025-09-13_0528 | Instruction page 11 displayed
2025-09-13 05:29:25 | INFO | ./src/ui/main_window_2025-09-13_0528 | Advance to instruction page 11
2025-09-13 05:29:25 | INFO | ./src/ui/main_window_2025-09-13_0528 | Instruction page 12 displayed
2025-09-13 05:29:25 | INFO | ./src/ui/main_window_2025-09-13_0528 | Advance to instruction page 12
2025-09-13 05:29:25 | INFO | ./src/ui/main_window_2025-09-13_0528 | Trigger at page 12: play 3 trials for trials=3 
2025-09-13 05:29:25 | INFO | ./src/ui/main_window_2025-09-13_0528 | Play stimuli: trial_num = 3
2025-09-13 05:29:25 | DEBUG | ./src/ui/main_window_2025-09-13_0528 | Paths of stimuli images = [PosixPath('/Users/alvinm/Documents/Documents/Academic/Research/CognAC/cerebellum/nback/resources/stimuli/attneave_2.png'), PosixPath('/Users/alvinm/Documents/Documents/Academic/Research/CognAC/cerebellum/nback/resources/stimuli/attneave_6.png'), PosixPath('/Users/alvinm/Documents/Documents/Academic/Research/CognAC/cerebellum/nback/resources/stimuli/attneave_8.png')]
2025-09-13 05:29:25 | DEBUG | ./src/ui/main_window_2025-09-13_0528 | Trial 1/3 show: attneave_2.png for 1500 ms
2025-09-13 05:29:27 | DEBUG | ./src/ui/main_window_2025-09-13_0528 | Trial 2/3 show: attneave_6.png for 1500 ms
2025-09-13 05:29:29 | DEBUG | ./src/ui/main_window_2025-09-13_0528 | Trial 3/3 show: attneave_8.png for 1500 ms
2025-09-13 05:29:31 | INFO | ./src/ui/main_window_2025-09-13_0528 | Instruction page 13 displayed
2025-09-13 05:29:31 | INFO | ./src/ui/main_window_2025-09-13_0528 | Advance to instruction page 13
2025-09-13 05:29:31 | INFO | ./src/ui/main_window_2025-09-13_0528 | Instruction page 14 displayed
2025-09-13 05:29:32 | INFO | ./src/ui/main_window_2025-09-13_0528 | Advance to instruction page 14
2025-09-13 05:29:32 | INFO | ./src/ui/main_window_2025-09-13_0528 | Instruction page 15 displayed
2025-09-13 05:29:32 | INFO | ./src/ui/main_window_2025-09-13_0528 | Advance to instruction page 15
2025-09-13 05:29:32 | INFO | ./src/ui/main_window_2025-09-13_0528 | Instruction page 16 displayed
2025-09-13 05:29:32 | INFO | ./src/ui/main_window_2025-09-13_0528 | Advance to instruction page 16
2025-09-13 05:29:33 | INFO | ./src/ui/main_window_2025-09-13_0528 | Instruction page 17 displayed
2025-09-13 05:29:33 | INFO | ./src/ui/main_window_2025-09-13_0528 | Advance to instruction page 17
2025-09-13 05:29:33 | INFO | ./src/ui/main_window_2025-09-13_0528 | Instruction page 18 displayed
2025-09-13 05:29:33 | INFO | ./src/ui/main_window_2025-09-13_0528 | Advance to instruction page 18
2025-09-13 05:29:33 | INFO | ./src/ui/main_window_2025-09-13_0528 | Trigger at page 18: play 3 trials for trials=3 
2025-09-13 05:29:33 | INFO | ./src/ui/main_window_2025-09-13_0528 | Play stimuli: trial_num = 3
2025-09-13 05:29:33 | DEBUG | ./src/ui/main_window_2025-09-13_0528 | Paths of stimuli images = [PosixPath('/Users/alvinm/Documents/Documents/Academic/Research/CognAC/cerebellum/nback/resources/stimuli/attneave_10.png'), PosixPath('/Users/alvinm/Documents/Documents/Academic/Research/CognAC/cerebellum/nback/resources/stimuli/attneave_5.png'), PosixPath('/Users/alvinm/Documents/Documents/Academic/Research/CognAC/cerebellum/nback/resources/stimuli/attneave_9.png')]
2025-09-13 05:29:33 | DEBUG | ./src/ui/main_window_2025-09-13_0528 | Trial 1/3 show: attneave_10.png for 1500 ms
2025-09-13 05:29:35 | DEBUG | ./src/ui/main_window_2025-09-13_0528 | Trial 2/3 show: attneave_5.png for 1500 ms
2025-09-13 05:29:37 | DEBUG | ./src/ui/main_window_2025-09-13_0528 | Trial 3/3 show: attneave_9.png for 1500 ms
2025-09-13 05:29:39 | INFO | ./src/ui/main_window_2025-09-13_0528 | Instruction page 19 displayed
2025-09-13 05:29:40 | INFO | ./src/ui/main_window_2025-09-13_0528 | Advance to instruction page 19
2025-09-13 05:29:40 | INFO | ./src/ui/main_window_2025-09-13_0528 | Instruction page 20 displayed
2025-09-13 05:29:40 | INFO | ./src/ui/main_window_2025-09-13_0528 | Advance to instruction page 20
2025-09-13 05:29:40 | INFO | ./src/ui/main_window_2025-09-13_0528 | Instruction page 21 displayed
2025-09-13 05:29:40 | INFO | ./src/ui/main_window_2025-09-13_0528 | Advance to instruction page 21
2025-09-13 05:29:40 | INFO | ./src/ui/main_window_2025-09-13_0528 | Trigger at page 21: play 3 trials for trials=3 
2025-09-13 05:29:40 | INFO | ./src/ui/main_window_2025-09-13_0528 | Play stimuli: trial_num = 3
2025-09-13 05:29:40 | DEBUG | ./src/ui/main_window_2025-09-13_0528 | Paths of stimuli images = [PosixPath('/Users/alvinm/Documents/Documents/Academic/Research/CognAC/cerebellum/nback/resources/stimuli/attneave_5.png'), PosixPath('/Users/alvinm/Documents/Documents/Academic/Research/CognAC/cerebellum/nback/resources/stimuli/attneave_11.png'), PosixPath('/Users/alvinm/Documents/Documents/Academic/Research/CognAC/cerebellum/nback/resources/stimuli/attneave_8.png')]
2025-09-13 05:29:40 | DEBUG | ./src/ui/main_window_2025-09-13_0528 | Trial 1/3 show: attneave_5.png for 1500 ms
2025-09-13 05:29:42 | DEBUG | ./src/ui/main_window_2025-09-13_0528 | Trial 2/3 show: attneave_11.png for 1500 ms
2025-09-13 05:29:44 | DEBUG | ./src/ui/main_window_2025-09-13_0528 | Trial 3/3 show: attneave_8.png for 1500 ms
2025-09-13 05:29:46 | INFO | ./src/ui/main_window_2025-09-13_0528 | Instruction page 22 displayed
2025-09-13 05:29:47 | INFO | ./src/ui/main_window_2025-09-13_0528 | Advance to instruction page 22
2025-09-13 05:29:47 | INFO | ./src/ui/main_window_2025-09-13_0528 | Instruction page 23 displayed
2025-09-13 05:29:47 | INFO | ./src/ui/main_window_2025-09-13_0528 | Advance to instruction page 23
2025-09-13 05:29:47 | INFO | ./src/ui/main_window_2025-09-13_0528 | Instruction page 24 displayed
2025-09-13 05:29:48 | INFO | ./src/ui/main_window_2025-09-13_0528 | Advance to instruction page 24
2025-09-13 05:29:48 | INFO | ./src/ui/main_window_2025-09-13_0528 | Trigger at page 24: play 3 trials for trials=3 
2025-09-13 05:29:48 | INFO | ./src/ui/main_window_2025-09-13_0528 | Play stimuli: trial_num = 3
2025-09-13 05:29:48 | DEBUG | ./src/ui/main_window_2025-09-13_0528 | Paths of stimuli images = [PosixPath('/Users/alvinm/Documents/Documents/Academic/Research/CognAC/cerebellum/nback/resources/stimuli/attneave_6.png'), PosixPath('/Users/alvinm/Documents/Documents/Academic/Research/CognAC/cerebellum/nback/resources/stimuli/attneave_5.png'), PosixPath('/Users/alvinm/Documents/Documents/Academic/Research/CognAC/cerebellum/nback/resources/stimuli/attneave_1.png')]
2025-09-13 05:29:48 | DEBUG | ./src/ui/main_window_2025-09-13_0528 | Trial 1/3 show: attneave_6.png for 1500 ms
2025-09-13 05:29:50 | DEBUG | ./src/ui/main_window_2025-09-13_0528 | Trial 2/3 show: attneave_5.png for 1500 ms
2025-09-13 05:29:52 | DEBUG | ./src/ui/main_window_2025-09-13_0528 | Trial 3/3 show: attneave_1.png for 1500 ms
2025-09-13 05:29:54 | INFO | ./src/ui/main_window_2025-09-13_0528 | Instruction page 25 displayed
2025-09-13 05:29:54 | INFO | ./src/ui/main_window_2025-09-13_0528 | Advance to instruction page 25
2025-09-13 05:29:54 | INFO | ./src/ui/main_window_2025-09-13_0528 | Instruction page 26 displayed
2025-09-13 05:29:55 | INFO | ./src/ui/main_window_2025-09-13_0528 | Advance to instruction page 26
2025-09-13 05:29:55 | INFO | ./src/ui/main_window_2025-09-13_0528 | Instruction page 27 displayed
2025-09-13 05:29:55 | INFO | ./src/ui/main_window_2025-09-13_0528 | Advance to instruction page 27
2025-09-13 05:29:55 | INFO | ./src/ui/main_window_2025-09-13_0528 | Instruction page 28 displayed
2025-09-13 05:29:56 | INFO | ./src/ui/main_window_2025-09-13_0528 | Advance to instruction page 28
2025-09-13 05:29:56 | INFO | ./src/ui/main_window_2025-09-13_0528 | Instruction page 29 displayed
2025-09-13 05:29:56 | INFO | ./src/ui/main_window_2025-09-13_0528 | Advance to instruction page 29
2025-09-13 05:29:56 | INFO | ./src/ui/main_window_2025-09-13_0528 | Instruction page 30 displayed
2025-09-13 05:29:56 | INFO | ./src/ui/main_window_2025-09-13_0528 | Advance to instruction page 30
2025-09-13 05:29:56 | INFO | ./src/ui/main_window_2025-09-13_0528 | Instruction page 31 displayed
2025-09-13 05:29:57 | INFO | ./src/ui/main_window_2025-09-13_0528 | Advance to instruction page 31
2025-09-13 05:29:57 | INFO | ./src/ui/main_window_2025-09-13_0528 | Trigger at page 31: play 3 trials for trials=3 
2025-09-13 05:29:57 | INFO | ./src/ui/main_window_2025-09-13_0528 | Play stimuli: trial_num = 3
2025-09-13 05:29:57 | DEBUG | ./src/ui/main_window_2025-09-13_0528 | Paths of stimuli images = [PosixPath('/Users/alvinm/Documents/Documents/Academic/Research/CognAC/cerebellum/nback/resources/stimuli/attneave_1.png'), PosixPath('/Users/alvinm/Documents/Documents/Academic/Research/CognAC/cerebellum/nback/resources/stimuli/attneave_4.png'), PosixPath('/Users/alvinm/Documents/Documents/Academic/Research/CognAC/cerebellum/nback/resources/stimuli/attneave_3.png')]
2025-09-13 05:29:57 | DEBUG | ./src/ui/main_window_2025-09-13_0528 | Trial 1/3 show: attneave_1.png for 1500 ms
2025-09-13 05:29:59 | DEBUG | ./src/ui/main_window_2025-09-13_0528 | Trial 2/3 show: attneave_4.png for 1500 ms
2025-09-13 05:30:01 | DEBUG | ./src/ui/main_window_2025-09-13_0528 | Trial 3/3 show: attneave_3.png for 1500 ms
2025-09-13 05:30:03 | INFO | ./src/ui/main_window_2025-09-13_0528 | Instruction page 32 displayed
2025-09-13 05:30:04 | INFO | ./src/ui/main_window_2025-09-13_0528 | Advance to instruction page 32
2025-09-13 05:30:04 | INFO | ./src/ui/main_window_2025-09-13_0528 | Instruction page 33 displayed
2025-09-13 05:30:04 | INFO | ./src/ui/main_window_2025-09-13_0528 | Advance to instruction page 33
2025-09-13 05:30:04 | INFO | ./src/ui/main_window_2025-09-13_0528 | Instruction page 34 displayed
2025-09-13 05:30:04 | INFO | ./src/ui/main_window_2025-09-13_0528 | Advance to instruction page 34
2025-09-13 05:30:04 | INFO | ./src/ui/main_window_2025-09-13_0528 | Trigger at page 34: play 3 trials for trials=3 
2025-09-13 05:30:04 | INFO | ./src/ui/main_window_2025-09-13_0528 | Play stimuli: trial_num = 3
2025-09-13 05:30:04 | DEBUG | ./src/ui/main_window_2025-09-13_0528 | Paths of stimuli images = [PosixPath('/Users/alvinm/Documents/Documents/Academic/Research/CognAC/cerebellum/nback/resources/stimuli/attneave_1.png'), PosixPath('/Users/alvinm/Documents/Documents/Academic/Research/CognAC/cerebellum/nback/resources/stimuli/attneave_5.png'), PosixPath('/Users/alvinm/Documents/Documents/Academic/Research/CognAC/cerebellum/nback/resources/stimuli/attneave_6.png')]
2025-09-13 05:30:04 | DEBUG | ./src/ui/main_window_2025-09-13_0528 | Trial 1/3 show: attneave_1.png for 1500 ms
2025-09-13 05:30:06 | DEBUG | ./src/ui/main_window_2025-09-13_0528 | Trial 2/3 show: attneave_5.png for 1500 ms
2025-09-13 05:30:08 | DEBUG | ./src/ui/main_window_2025-09-13_0528 | Trial 3/3 show: attneave_6.png for 1500 ms
2025-09-13 05:30:10 | INFO | ./src/ui/main_window_2025-09-13_0528 | Instruction page 35 displayed
2025-09-13 05:30:11 | INFO | ./src/ui/main_window_2025-09-13_0528 | Advance to instruction page 35
2025-09-13 05:30:11 | INFO | ./src/ui/main_window_2025-09-13_0528 | Instruction page 36 displayed
2025-09-13 05:30:11 | INFO | ./src/ui/main_window_2025-09-13_0528 | Advance to instruction page 36
2025-09-13 05:30:11 | INFO | ./src/ui/main_window_2025-09-13_0528 | Instruction page 37 displayed
2025-09-13 05:30:11 | INFO | ./src/ui/main_window_2025-09-13_0528 | Advance to instruction page 37
2025-09-13 05:30:11 | INFO | ./src/ui/main_window_2025-09-13_0528 | Trigger at page 37: play 3 trials for trials=3 
2025-09-13 05:30:11 | INFO | ./src/ui/main_window_2025-09-13_0528 | Play stimuli: trial_num = 3
2025-09-13 05:30:11 | DEBUG | ./src/ui/main_window_2025-09-13_0528 | Paths of stimuli images = [PosixPath('/Users/alvinm/Documents/Documents/Academic/Research/CognAC/cerebellum/nback/resources/stimuli/attneave_12.png'), PosixPath('/Users/alvinm/Documents/Documents/Academic/Research/CognAC/cerebellum/nback/resources/stimuli/attneave_11.png'), PosixPath('/Users/alvinm/Documents/Documents/Academic/Research/CognAC/cerebellum/nback/resources/stimuli/attneave_8.png')]
2025-09-13 05:30:11 | DEBUG | ./src/ui/main_window_2025-09-13_0528 | Trial 1/3 show: attneave_12.png for 1500 ms
2025-09-13 05:30:13 | DEBUG | ./src/ui/main_window_2025-09-13_0528 | Trial 2/3 show: attneave_11.png for 1500 ms
2025-09-13 05:30:15 | DEBUG | ./src/ui/main_window_2025-09-13_0528 | Trial 3/3 show: attneave_8.png for 1500 ms
2025-09-13 05:30:17 | INFO | ./src/ui/main_window_2025-09-13_0528 | Instruction page 38 displayed
2025-09-13 05:30:18 | INFO | ./src/ui/main_window_2025-09-13_0528 | Advance to instruction page 38
