2025-09-13 05:02:12 | INFO | ./src/ui/main_window | Participant ID = alvin | VERSION = 2
2025-09-13 05:02:12 | INFO | ./src/ui/main_window | Instruction directory =  /Users/alvinm/Documents/Documents/Academic/Research/CognAC/cerebellum/nback/resources/instructions_reversed
2025-09-13 05:02:12 | INFO | ./src/ui/main_window | Instruction page 1 displayed
2025-09-13 05:02:12 | INFO | ./src/ui/main_window | Advance to instruction page 1
2025-09-13 05:02:12 | INFO | ./src/ui/main_window | Instruction page 2 displayed
2025-09-13 05:02:13 | INFO | ./src/ui/main_window | Advance to instruction page 2
2025-09-13 05:02:13 | INFO | ./src/ui/main_window | Instruction page 3 displayed
2025-09-13 05:02:13 | INFO | ./src/ui/main_window | Advance to instruction page 3
2025-09-13 05:02:13 | INFO | ./src/ui/main_window | Instruction page 4 displayed
2025-09-13 05:02:13 | INFO | ./src/ui/main_window | Advance to instruction page 4
2025-09-13 05:02:13 | INFO | ./src/ui/main_window | Instruction page 5 displayed
2025-09-13 05:02:13 | INFO | ./src/ui/main_window | Advance to instruction page 5
2025-09-13 05:02:13 | INFO | ./src/ui/main_window | Instruction page 6 displayed
2025-09-13 05:02:14 | INFO | ./src/ui/main_window | Advance to instruction page 6
2025-09-13 05:02:14 | INFO | ./src/ui/main_window | Trigger at page 6: play 5 trials for trials=5 
2025-09-13 05:02:14 | INFO | ./src/ui/main_window | Play stimuli: trial_num=5
2025-09-13 05:02:14 | DEBUG | ./src/ui/main_window | Trial 1/5 show: attneave_10.png for 1500 ms
2025-09-13 05:02:16 | DEBUG | ./src/ui/main_window | Trial 2/5 show: attneave_3.png for 1500 ms
2025-09-13 05:02:18 | DEBUG | ./src/ui/main_window | Trial 3/5 show: attneave_8.png for 1500 ms
2025-09-13 05:02:20 | DEBUG | ./src/ui/main_window | Trial 4/5 show: attneave_11.png for 1500 ms
2025-09-13 05:02:22 | DEBUG | ./src/ui/main_window | Trial 5/5 show: attneave_12.png for 1500 ms
2025-09-13 05:02:24 | INFO | ./src/ui/main_window | Instruction page 7 displayed
2025-09-13 05:02:25 | INFO | ./src/ui/main_window | Advance to instruction page 7
2025-09-13 05:02:25 | INFO | ./src/ui/main_window | Instruction page 8 displayed
2025-09-13 05:02:25 | INFO | ./src/ui/main_window | Advance to instruction page 8
2025-09-13 05:02:25 | INFO | ./src/ui/main_window | Instruction page 9 displayed
2025-09-13 05:02:28 | INFO | ./src/ui/main_window | Quitted fullscreen: 1516 x 852
